<?xml version="1.0" encoding="UTF-8"?>
<testsuites>
  <testsuite name="/var/www/html/my_project_directory/tests/Unit/Factory" tests="1" assertions="0" errors="1" warnings="0" failures="0" skipped="0" time="0.620187">
    <testsuite name="App\tests\Factory\GameThrowFactoryTest" file="/var/www/html/my_project_directory/tests/Unit/Factory/GameThrowFactoryTest.php" tests="1" assertions="0" errors="1" warnings="0" failures="0" skipped="0" time="0.620187">
      <testcase name="createReturnNewGameThrow" class="App\tests\Factory\GameThrowFactoryTest" classname="App.tests.Factory.GameThrowFactoryTest" file="/var/www/html/my_project_directory/tests/Unit/Factory/GameThrowFactoryTest.php" line="17" assertions="0" time="0.620187">
        <error type="TypeError">App\tests\Factory\GameThrowFactoryTest::createReturnNewGameThrow
TypeError: App\Factory\GameThrowFactory::createFromValues(): Argument #4 ($player) must be of type App\Entity\Player, Prophecy\Prophecy\MethodProphecy given, called in /var/www/html/my_project_directory/tests/Unit/Factory/GameThrowFactoryTest.php on line 27

/var/www/html/my_project_directory/src/Factory/GameThrowFactory.php:12
/var/www/html/my_project_directory/tests/Unit/Factory/GameThrowFactoryTest.php:27</error>
      </testcase>
    </testsuite>
  </testsuite>
</testsuites>
