<?xml version="1.0" encoding="UTF-8"?>
<testsuites>
  <testsuite name="" tests="33" assertions="110" errors="0" warnings="1" failures="0" skipped="0" time="0.480736">
    <testsuite name="Project Test Suite" tests="33" assertions="110" errors="0" warnings="1" failures="0" skipped="0" time="0.480736">
      <testsuite name="App\tests\Unit\AddPlayerTest" file="/var/www/html/my_project_directory/tests/Unit/AddPlayerTest.php" tests="5" assertions="12" errors="0" warnings="0" failures="0" skipped="0" time="0.198178">
        <testcase name="homepageActionsReturnsTemplate" class="App\tests\Unit\AddPlayerTest" classname="App.tests.Unit.AddPlayerTest" file="/var/www/html/my_project_directory/tests/Unit/AddPlayerTest.php" line="23" assertions="8" time="0.194316"/>
        <testcase name="buildPlayerReturnTemplate" class="App\tests\Unit\AddPlayerTest" classname="App.tests.Unit.AddPlayerTest" file="/var/www/html/my_project_directory/tests/Unit/AddPlayerTest.php" line="51" assertions="1" time="0.000392"/>
        <testcase name="checkPlayerFirstName" class="App\tests\Unit\AddPlayerTest" classname="App.tests.Unit.AddPlayerTest" file="/var/www/html/my_project_directory/tests/Unit/AddPlayerTest.php" line="64" assertions="1" time="0.002761"/>
        <testcase name="checkPlayerLastName" class="App\tests\Unit\AddPlayerTest" classname="App.tests.Unit.AddPlayerTest" file="/var/www/html/my_project_directory/tests/Unit/AddPlayerTest.php" line="75" assertions="1" time="0.000346"/>
        <testcase name="checkPlayerNickName" class="App\tests\Unit\AddPlayerTest" classname="App.tests.Unit.AddPlayerTest" file="/var/www/html/my_project_directory/tests/Unit/AddPlayerTest.php" line="86" assertions="1" time="0.000364"/>
      </testsuite>
      <testsuite name="AddPlayerControllerTest" file="/var/www/html/my_project_directory/tests/Unit/Controller/AddPlayerControllerTest.php" tests="1" assertions="7" errors="0" warnings="0" failures="0" skipped="0" time="0.051425">
        <testsuite name="AddPlayerControllerTest::buildPlayerActionFromRequest" tests="1" assertions="7" errors="0" warnings="0" failures="0" skipped="0" time="0.051425">
          <testcase name="buildPlayerActionFromRequest with data set #0" class="AddPlayerControllerTest" classname="AddPlayerControllerTest" file="/var/www/html/my_project_directory/tests/Unit/Controller/AddPlayerControllerTest.php" line="22" assertions="7" time="0.051425"/>
        </testsuite>
      </testsuite>
      <testsuite name="DeletePlayerControllerTest" file="/var/www/html/my_project_directory/tests/Unit/Controller/DeletePlayerControllerTest.php" tests="1" assertions="3" errors="0" warnings="0" failures="0" skipped="0" time="0.030167">
        <testcase name="verifyDeletePlayer" class="DeletePlayerControllerTest" classname="DeletePlayerControllerTest" file="/var/www/html/my_project_directory/tests/Unit/Controller/DeletePlayerControllerTest.php" line="19" assertions="3" time="0.030167"/>
      </testsuite>
      <testsuite name="EditPlayerControllerTest" file="/var/www/html/my_project_directory/tests/Unit/Controller/EditPlayerControllerTest.php" tests="2" assertions="16" errors="0" warnings="0" failures="0" skipped="0" time="0.006913">
        <testcase name="editPlayerPageActionsReturnsTemplate" class="EditPlayerControllerTest" classname="EditPlayerControllerTest" file="/var/www/html/my_project_directory/tests/Unit/Controller/EditPlayerControllerTest.php" line="23" assertions="9" time="0.005270"/>
        <testcase name="editPlayerActionFromRequest" class="EditPlayerControllerTest" classname="EditPlayerControllerTest" file="/var/www/html/my_project_directory/tests/Unit/Controller/EditPlayerControllerTest.php" line="62" assertions="7" time="0.001643"/>
      </testsuite>
      <testsuite name="GameControllerTest" file="/var/www/html/my_project_directory/tests/Unit/Controller/GameControllerTest.php" tests="2" assertions="11" errors="0" warnings="0" failures="0" skipped="0" time="0.023387">
        <testcase name="checkAddGame" class="GameControllerTest" classname="GameControllerTest" file="/var/www/html/my_project_directory/tests/Unit/Controller/GameControllerTest.php" line="22" assertions="2" time="0.018445"/>
        <testcase name="checkRenderTemplateGame" class="GameControllerTest" classname="GameControllerTest" file="/var/www/html/my_project_directory/tests/Unit/Controller/GameControllerTest.php" line="45" assertions="9" time="0.004942"/>
      </testsuite>
      <testsuite name="GameThrowControllerTest" file="/var/www/html/my_project_directory/tests/Unit/Controller/GameThrowControllerTest.php" tests="1" assertions="5" errors="0" warnings="0" failures="0" skipped="0" time="0.035299">
        <testcase name="checkAddThrow" class="GameThrowControllerTest" classname="GameThrowControllerTest" file="/var/www/html/my_project_directory/tests/Unit/Controller/GameThrowControllerTest.php" line="26" assertions="5" time="0.035299"/>
      </testsuite>
      <testsuite name="App\tests\Unit\HomepageDartyControllerTest" file="/var/www/html/my_project_directory/tests/Unit/Controller/HomepageDartyControllerTest.php" tests="1" assertions="4" errors="0" warnings="0" failures="0" skipped="0" time="0.005829">
        <testcase name="homepageActionsReturnsTemplate" class="App\tests\Unit\HomepageDartyControllerTest" classname="App.tests.Unit.HomepageDartyControllerTest" file="/var/www/html/my_project_directory/tests/Unit/Controller/HomepageDartyControllerTest.php" line="20" assertions="4" time="0.005829"/>
      </testsuite>
      <testsuite name="PlayerThrowDataTest" file="/var/www/html/my_project_directory/tests/Unit/DataObjects/PlayerThrowDataTest.php" tests="1" assertions="7" errors="0" warnings="0" failures="0" skipped="0" time="0.000257">
        <testcase name="checkDataObjectProperties" class="PlayerThrowDataTest" classname="PlayerThrowDataTest" file="/var/www/html/my_project_directory/tests/Unit/DataObjects/PlayerThrowDataTest.php" line="13" assertions="7" time="0.000257"/>
      </testsuite>
      <testsuite name="App\tests\Unit\DoubleOutSuggestionControllerTest" file="/var/www/html/my_project_directory/tests/Unit/DoubleOutSuggestionControllerTest.php" tests="2" assertions="8" errors="0" warnings="0" failures="0" skipped="0" time="0.006640">
        <testcase name="doubleOutActionReturnsTemplate" class="App\tests\Unit\DoubleOutSuggestionControllerTest" classname="App.tests.Unit.DoubleOutSuggestionControllerTest" file="/var/www/html/my_project_directory/tests/Unit/DoubleOutSuggestionControllerTest.php" line="20" assertions="4" time="0.002495"/>
        <testcase name="doubleOutPostReturnsTemplate" class="App\tests\Unit\DoubleOutSuggestionControllerTest" classname="App.tests.Unit.DoubleOutSuggestionControllerTest" file="/var/www/html/my_project_directory/tests/Unit/DoubleOutSuggestionControllerTest.php" line="37" assertions="4" time="0.004146"/>
      </testsuite>
      <testsuite name="App\tests\Factory\GameFactoryTest" file="/var/www/html/my_project_directory/tests/Unit/Factory/GameFactoryTest.php" tests="2" assertions="5" errors="0" warnings="0" failures="0" skipped="0" time="0.017793">
        <testcase name="createGameFactory" class="App\tests\Factory\GameFactoryTest" classname="App.tests.Factory.GameFactoryTest" file="/var/www/html/my_project_directory/tests/Unit/Factory/GameFactoryTest.php" line="21" assertions="3" time="0.007101"/>
        <testcase name="generateExceptionGameFactory" class="App\tests\Factory\GameFactoryTest" classname="App.tests.Factory.GameFactoryTest" file="/var/www/html/my_project_directory/tests/Unit/Factory/GameFactoryTest.php" line="42" assertions="2" time="0.010693"/>
      </testsuite>
      <testsuite name="App\tests\Factory\GameThrowFactoryTest" file="/var/www/html/my_project_directory/tests/Unit/Factory/GameThrowFactoryTest.php" tests="3" assertions="3" errors="0" warnings="0" failures="0" skipped="0" time="0.019802">
        <testcase name="createReturnNewGameThrowSingleOne" class="App\tests\Factory\GameThrowFactoryTest" classname="App.tests.Factory.GameThrowFactoryTest" file="/var/www/html/my_project_directory/tests/Unit/Factory/GameThrowFactoryTest.php" line="25" assertions="1" time="0.018662"/>
        <testcase name="createReturnNewGameThrowDoubleOne" class="App\tests\Factory\GameThrowFactoryTest" classname="App.tests.Factory.GameThrowFactoryTest" file="/var/www/html/my_project_directory/tests/Unit/Factory/GameThrowFactoryTest.php" line="35" assertions="1" time="0.000598"/>
        <testcase name="createReturnNewGameThrowTripleOne" class="App\tests\Factory\GameThrowFactoryTest" classname="App.tests.Factory.GameThrowFactoryTest" file="/var/www/html/my_project_directory/tests/Unit/Factory/GameThrowFactoryTest.php" line="45" assertions="1" time="0.000543"/>
      </testsuite>
      <testsuite name="App\tests\Factory\PlayerFactoryTest" file="/var/www/html/my_project_directory/tests/Unit/Factory/PlayerFactoryTest.php" tests="1" assertions="4" errors="0" warnings="0" failures="0" skipped="0" time="0.007194">
        <testcase name="checkPlayerFactory" class="App\tests\Factory\PlayerFactoryTest" classname="App.tests.Factory.PlayerFactoryTest" file="/var/www/html/my_project_directory/tests/Unit/Factory/PlayerFactoryTest.php" line="17" assertions="4" time="0.007194"/>
      </testsuite>
      <testsuite name="App\tests\Unit\PlayerManagementScreenControllerTest" file="/var/www/html/my_project_directory/tests/Unit/PlayerManagementScreenControllerTest.php" tests="1" assertions="4" errors="0" warnings="0" failures="0" skipped="0" time="0.003104">
        <testcase name="playerManagementActionsReturnsTemplate" class="App\tests\Unit\PlayerManagementScreenControllerTest" classname="App.tests.Unit.PlayerManagementScreenControllerTest" file="/var/www/html/my_project_directory/tests/Unit/PlayerManagementScreenControllerTest.php" line="19" assertions="4" time="0.003104"/>
      </testsuite>
      <testsuite name="DeletePlayerServiceTest" file="/var/www/html/my_project_directory/tests/Unit/Service/DeletePlayerServiceTest.php" tests="2" assertions="2" errors="0" warnings="0" failures="0" skipped="0" time="0.007307">
        <testcase name="checkDeletePlayer" class="DeletePlayerServiceTest" classname="DeletePlayerServiceTest" file="/var/www/html/my_project_directory/tests/Unit/Service/DeletePlayerServiceTest.php" line="17" assertions="1" time="0.002865"/>
        <testcase name="checkDeleteInvalidPlayer" class="DeletePlayerServiceTest" classname="DeletePlayerServiceTest" file="/var/www/html/my_project_directory/tests/Unit/Service/DeletePlayerServiceTest.php" line="32" assertions="1" time="0.004442"/>
      </testsuite>
      <testsuite name="App\tests\Unit\DoubleOutCalculationTest" file="/var/www/html/my_project_directory/tests/Unit/Service/DoubleOutCalculationTest.php" tests="5" assertions="15" errors="0" warnings="0" failures="0" skipped="0" time="0.002604">
        <testsuite name="App\tests\Unit\DoubleOutCalculationTest::checkSuggestions" tests="5" assertions="15" errors="0" warnings="0" failures="0" skipped="0" time="0.002604">
          <testcase name="checkSuggestions with data set &quot;score 160&quot;" class="App\tests\Unit\DoubleOutCalculationTest" classname="App.tests.Unit.DoubleOutCalculationTest" file="/var/www/html/my_project_directory/tests/Unit/Service/DoubleOutCalculationTest.php" line="17" assertions="3" time="0.000424"/>
          <testcase name="checkSuggestions with data set &quot;score 2&quot;" class="App\tests\Unit\DoubleOutCalculationTest" classname="App.tests.Unit.DoubleOutCalculationTest" file="/var/www/html/my_project_directory/tests/Unit/Service/DoubleOutCalculationTest.php" line="17" assertions="3" time="0.000360"/>
          <testcase name="checkSuggestions with data set &quot;score 1&quot;" class="App\tests\Unit\DoubleOutCalculationTest" classname="App.tests.Unit.DoubleOutCalculationTest" file="/var/www/html/my_project_directory/tests/Unit/Service/DoubleOutCalculationTest.php" line="17" assertions="3" time="0.000586"/>
          <testcase name="checkSuggestions with data set &quot;score 121&quot;" class="App\tests\Unit\DoubleOutCalculationTest" classname="App.tests.Unit.DoubleOutCalculationTest" file="/var/www/html/my_project_directory/tests/Unit/Service/DoubleOutCalculationTest.php" line="17" assertions="3" time="0.000528"/>
          <testcase name="checkSuggestions with data set &quot;score 104&quot;" class="App\tests\Unit\DoubleOutCalculationTest" classname="App.tests.Unit.DoubleOutCalculationTest" file="/var/www/html/my_project_directory/tests/Unit/Service/DoubleOutCalculationTest.php" line="17" assertions="3" time="0.000706"/>
        </testsuite>
      </testsuite>
      <testsuite name="GameServiceTest" file="/var/www/html/my_project_directory/tests/Unit/Service/GameServiceTest.php" tests="1" assertions="2" errors="0" warnings="0" failures="0" skipped="0" time="0.039618">
        <testcase name="checkCreateGame" class="GameServiceTest" classname="GameServiceTest" file="/var/www/html/my_project_directory/tests/Unit/Service/GameServiceTest.php" line="19" assertions="2" time="0.039618"/>
      </testsuite>
      <testsuite name="GameThrowServiceTest" file="/var/www/html/my_project_directory/tests/Unit/Service/GameThrowServiceTest.php" tests="1" assertions="2" errors="0" warnings="0" failures="0" skipped="0" time="0.023181">
        <testcase name="checkAddGameThrow" class="GameThrowServiceTest" classname="GameThrowServiceTest" file="/var/www/html/my_project_directory/tests/Unit/Service/GameThrowServiceTest.php" line="20" assertions="2" time="0.023181"/>
      </testsuite>
      <testsuite name="App\tests\Unit\NextPlayerToThrowServiceTest" file="/var/www/html/my_project_directory/tests/Unit/Service/NextPlayerToThrowServiceTest.php" tests="1" assertions="0" errors="0" warnings="1" failures="0" skipped="0" time="0.002036">
        <testcase name="Warning" assertions="0" time="0.002036">
          <warning type="PHPUnit\Framework\Warning">Warning
No tests found in class "App\tests\Unit\NextPlayerToThrowServiceTest".</warning>
        </testcase>
      </testsuite>
    </testsuite>
  </testsuite>
</testsuites>
