<?xml version="1.0" encoding="UTF-8"?>
<testsuites>
  <testsuite name="" tests="24" assertions="89" errors="0" warnings="2" failures="0" skipped="0" time="0.940221">
    <testsuite name="Project Test Suite" tests="24" assertions="89" errors="0" warnings="2" failures="0" skipped="0" time="0.940221">
      <testsuite name="App\tests\Unit\AddPlayerTest" file="/var/www/html/my_project_directory/tests/Unit/AddPlayerTest.php" tests="5" assertions="12" errors="0" warnings="0" failures="0" skipped="0" time="0.600937">
        <testcase name="homepageActionsReturnsTemplate" class="App\tests\Unit\AddPlayerTest" classname="App.tests.Unit.AddPlayerTest" file="/var/www/html/my_project_directory/tests/Unit/AddPlayerTest.php" line="23" assertions="8" time="0.591203"/>
        <testcase name="buildPlayerReturnTemplate" class="App\tests\Unit\AddPlayerTest" classname="App.tests.Unit.AddPlayerTest" file="/var/www/html/my_project_directory/tests/Unit/AddPlayerTest.php" line="51" assertions="1" time="0.000344"/>
        <testcase name="checkPlayerFirstName" class="App\tests\Unit\AddPlayerTest" classname="App.tests.Unit.AddPlayerTest" file="/var/www/html/my_project_directory/tests/Unit/AddPlayerTest.php" line="64" assertions="1" time="0.008671"/>
        <testcase name="checkPlayerLastName" class="App\tests\Unit\AddPlayerTest" classname="App.tests.Unit.AddPlayerTest" file="/var/www/html/my_project_directory/tests/Unit/AddPlayerTest.php" line="75" assertions="1" time="0.000399"/>
        <testcase name="checkPlayerNickName" class="App\tests\Unit\AddPlayerTest" classname="App.tests.Unit.AddPlayerTest" file="/var/www/html/my_project_directory/tests/Unit/AddPlayerTest.php" line="86" assertions="1" time="0.000321"/>
      </testsuite>
      <testsuite name="AddPlayerControllerTest" file="/var/www/html/my_project_directory/tests/Unit/Controller/AddPlayerControllerTest.php" tests="1" assertions="10" errors="0" warnings="0" failures="0" skipped="0" time="0.076391">
        <testsuite name="AddPlayerControllerTest::buildPlayerActionFromRequest" tests="1" assertions="10" errors="0" warnings="0" failures="0" skipped="0" time="0.076391">
          <testcase name="buildPlayerActionFromRequest with data set #0" class="AddPlayerControllerTest" classname="AddPlayerControllerTest" file="/var/www/html/my_project_directory/tests/Unit/Controller/AddPlayerControllerTest.php" line="24" assertions="10" time="0.076391"/>
        </testsuite>
      </testsuite>
      <testsuite name="DeletePlayerControllerTest" file="/var/www/html/my_project_directory/tests/Unit/Controller/DeletePlayerControllerTest.php" tests="1" assertions="3" errors="0" warnings="0" failures="0" skipped="0" time="0.062491">
        <testcase name="verifyDeletePlayer" class="DeletePlayerControllerTest" classname="DeletePlayerControllerTest" file="/var/www/html/my_project_directory/tests/Unit/Controller/DeletePlayerControllerTest.php" line="19" assertions="3" time="0.062491"/>
      </testsuite>
      <testsuite name="EditPlayerControllerTest" file="/var/www/html/my_project_directory/tests/Unit/Controller/EditPlayerControllerTest.php" tests="2" assertions="19" errors="0" warnings="2" failures="0" skipped="0" time="0.017474">
        <testcase name="editPlayerPageActionsReturnsTemplate" class="EditPlayerControllerTest" classname="EditPlayerControllerTest" file="/var/www/html/my_project_directory/tests/Unit/Controller/EditPlayerControllerTest.php" line="22" assertions="9" time="0.015783">
          <warning type="PHPUnit\Framework\Warning">EditPlayerControllerTest::editPlayerPageActionsReturnsTemplate
PHPUnit\Framework\TestCase::prophesize() is deprecated and will be removed in PHPUnit 10. Please use the trait provided by phpspec/prophecy-phpunit.</warning>
        </testcase>
        <testcase name="editPlayerActionFromRequest" class="EditPlayerControllerTest" classname="EditPlayerControllerTest" file="/var/www/html/my_project_directory/tests/Unit/Controller/EditPlayerControllerTest.php" line="62" assertions="10" time="0.001691">
          <warning type="PHPUnit\Framework\Warning">EditPlayerControllerTest::editPlayerActionFromRequest
PHPUnit\Framework\TestCase::prophesize() is deprecated and will be removed in PHPUnit 10. Please use the trait provided by phpspec/prophecy-phpunit.</warning>
        </testcase>
      </testsuite>
      <testsuite name="GameControllerTest" file="/var/www/html/my_project_directory/tests/Unit/Controller/GameControllerTest.php" tests="1" assertions="7" errors="0" warnings="0" failures="0" skipped="0" time="0.061715">
        <testcase name="checkAddGame" class="GameControllerTest" classname="GameControllerTest" file="/var/www/html/my_project_directory/tests/Unit/Controller/GameControllerTest.php" line="22" assertions="7" time="0.061715"/>
      </testsuite>
      <testsuite name="App\tests\Unit\DoubleOutSuggestionControllerTest" file="/var/www/html/my_project_directory/tests/Unit/DoubleOutSuggestionControllerTest.php" tests="2" assertions="8" errors="0" warnings="0" failures="0" skipped="0" time="0.009989">
        <testcase name="doubleOutActionReturnsTemplate" class="App\tests\Unit\DoubleOutSuggestionControllerTest" classname="App.tests.Unit.DoubleOutSuggestionControllerTest" file="/var/www/html/my_project_directory/tests/Unit/DoubleOutSuggestionControllerTest.php" line="20" assertions="4" time="0.004775"/>
        <testcase name="doubleOutPostReturnsTemplate" class="App\tests\Unit\DoubleOutSuggestionControllerTest" classname="App.tests.Unit.DoubleOutSuggestionControllerTest" file="/var/www/html/my_project_directory/tests/Unit/DoubleOutSuggestionControllerTest.php" line="37" assertions="4" time="0.005214"/>
      </testsuite>
      <testsuite name="App\Tests\PlayerTest" file="/var/www/html/my_project_directory/tests/Unit/Entity/PlayerTest.php" tests="3" assertions="3" errors="0" warnings="0" failures="0" skipped="0" time="0.001149">
        <testcase name="checkFirstName" class="App\Tests\PlayerTest" classname="App.Tests.PlayerTest" file="/var/www/html/my_project_directory/tests/Unit/Entity/PlayerTest.php" line="13" assertions="1" time="0.000402"/>
        <testcase name="checkLastName" class="App\Tests\PlayerTest" classname="App.Tests.PlayerTest" file="/var/www/html/my_project_directory/tests/Unit/Entity/PlayerTest.php" line="26" assertions="1" time="0.000338"/>
        <testcase name="checkNickName" class="App\Tests\PlayerTest" classname="App.Tests.PlayerTest" file="/var/www/html/my_project_directory/tests/Unit/Entity/PlayerTest.php" line="39" assertions="1" time="0.000409"/>
      </testsuite>
      <testsuite name="App\tests\Unit\HomepageDartyTest" file="/var/www/html/my_project_directory/tests/Unit/HomepageDartyTest.php" tests="1" assertions="5" errors="0" warnings="0" failures="0" skipped="0" time="0.005001">
        <testcase name="homepageActionsReturnsTemplate" class="App\tests\Unit\HomepageDartyTest" classname="App.tests.Unit.HomepageDartyTest" file="/var/www/html/my_project_directory/tests/Unit/HomepageDartyTest.php" line="22" assertions="5" time="0.005001"/>
      </testsuite>
      <testsuite name="App\tests\Unit\PlayerManagementScreenControllerTest" file="/var/www/html/my_project_directory/tests/Unit/PlayerManagementScreenControllerTest.php" tests="1" assertions="5" errors="0" warnings="0" failures="0" skipped="0" time="0.005396">
        <testcase name="playerManagementActionsReturnsTemplate" class="App\tests\Unit\PlayerManagementScreenControllerTest" classname="App.tests.Unit.PlayerManagementScreenControllerTest" file="/var/www/html/my_project_directory/tests/Unit/PlayerManagementScreenControllerTest.php" line="21" assertions="5" time="0.005396"/>
      </testsuite>
      <testsuite name="DeletePlayerServiceTest" file="/var/www/html/my_project_directory/tests/Unit/Service/DeletePlayerServiceTest.php" tests="2" assertions="2" errors="0" warnings="0" failures="0" skipped="0" time="0.097104">
        <testcase name="checkDeletePlayer" class="DeletePlayerServiceTest" classname="DeletePlayerServiceTest" file="/var/www/html/my_project_directory/tests/Unit/Service/DeletePlayerServiceTest.php" line="17" assertions="1" time="0.080899"/>
        <testcase name="checkDeleteInvalidPlayer" class="DeletePlayerServiceTest" classname="DeletePlayerServiceTest" file="/var/www/html/my_project_directory/tests/Unit/Service/DeletePlayerServiceTest.php" line="32" assertions="1" time="0.016205"/>
      </testsuite>
      <testsuite name="App\tests\Unit\DoubleOutCalculationTest" file="/var/www/html/my_project_directory/tests/Unit/Services/DoubleOutCalculationTest.php" tests="5" assertions="15" errors="0" warnings="0" failures="0" skipped="0" time="0.002573">
        <testsuite name="App\tests\Unit\DoubleOutCalculationTest::checkSuggestions" tests="5" assertions="15" errors="0" warnings="0" failures="0" skipped="0" time="0.002573">
          <testcase name="checkSuggestions with data set &quot;score 160&quot;" class="App\tests\Unit\DoubleOutCalculationTest" classname="App.tests.Unit.DoubleOutCalculationTest" file="/var/www/html/my_project_directory/tests/Unit/Services/DoubleOutCalculationTest.php" line="16" assertions="3" time="0.000530"/>
          <testcase name="checkSuggestions with data set &quot;score 2&quot;" class="App\tests\Unit\DoubleOutCalculationTest" classname="App.tests.Unit.DoubleOutCalculationTest" file="/var/www/html/my_project_directory/tests/Unit/Services/DoubleOutCalculationTest.php" line="16" assertions="3" time="0.000584"/>
          <testcase name="checkSuggestions with data set &quot;score 1&quot;" class="App\tests\Unit\DoubleOutCalculationTest" classname="App.tests.Unit.DoubleOutCalculationTest" file="/var/www/html/my_project_directory/tests/Unit/Services/DoubleOutCalculationTest.php" line="16" assertions="3" time="0.000456"/>
          <testcase name="checkSuggestions with data set &quot;score 121&quot;" class="App\tests\Unit\DoubleOutCalculationTest" classname="App.tests.Unit.DoubleOutCalculationTest" file="/var/www/html/my_project_directory/tests/Unit/Services/DoubleOutCalculationTest.php" line="16" assertions="3" time="0.000501"/>
          <testcase name="checkSuggestions with data set &quot;score 104&quot;" class="App\tests\Unit\DoubleOutCalculationTest" classname="App.tests.Unit.DoubleOutCalculationTest" file="/var/www/html/my_project_directory/tests/Unit/Services/DoubleOutCalculationTest.php" line="16" assertions="3" time="0.000501"/>
        </testsuite>
      </testsuite>
    </testsuite>
  </testsuite>
</testsuites>
