<?xml version="1.0" encoding="UTF-8"?>
<testsuites>
  <testsuite name="/var/www/html/my_project_directory/tests/Unit/Factory" tests="1" assertions="3" errors="0" warnings="1" failures="0" skipped="0" time="0.874694">
    <testsuite name="App\tests\Factory\GameFactoryTest" file="/var/www/html/my_project_directory/tests/Unit/Factory/GameFactoryTest.php" tests="1" assertions="3" errors="0" warnings="1" failures="0" skipped="0" time="0.874694">
      <testcase name="createGameFactory" class="App\tests\Factory\GameFactoryTest" classname="App.tests.Factory.GameFactoryTest" file="/var/www/html/my_project_directory/tests/Unit/Factory/GameFactoryTest.php" line="20" assertions="3" time="0.874694">
        <warning type="PHPUnit\Framework\Warning">App\tests\Factory\GameFactoryTest::createGameFactory
PHPUnit\Framework\TestCase::prophesize() is deprecated and will be removed in PHPUnit 10. Please use the trait provided by phpspec/prophecy-phpunit.</warning>
      </testcase>
    </testsuite>
  </testsuite>
</testsuites>
