<?xml version="1.0" encoding="UTF-8"?>
<testsuites>
  <testsuite name="" tests="24" assertions="89" errors="0" warnings="2" failures="0" skipped="0" time="0.404151">
    <testsuite name="Project Test Suite" tests="24" assertions="89" errors="0" warnings="2" failures="0" skipped="0" time="0.404151">
      <testsuite name="App\tests\Unit\AddPlayerTest" file="/var/www/html/my_project_directory/tests/Unit/AddPlayerTest.php" tests="5" assertions="12" errors="0" warnings="0" failures="0" skipped="0" time="0.235099">
        <testcase name="homepageActionsReturnsTemplate" class="App\tests\Unit\AddPlayerTest" classname="App.tests.Unit.AddPlayerTest" file="/var/www/html/my_project_directory/tests/Unit/AddPlayerTest.php" line="23" assertions="8" time="0.231031"/>
        <testcase name="buildPlayerReturnTemplate" class="App\tests\Unit\AddPlayerTest" classname="App.tests.Unit.AddPlayerTest" file="/var/www/html/my_project_directory/tests/Unit/AddPlayerTest.php" line="51" assertions="1" time="0.000255"/>
        <testcase name="checkPlayerFirstName" class="App\tests\Unit\AddPlayerTest" classname="App.tests.Unit.AddPlayerTest" file="/var/www/html/my_project_directory/tests/Unit/AddPlayerTest.php" line="64" assertions="1" time="0.002940"/>
        <testcase name="checkPlayerLastName" class="App\tests\Unit\AddPlayerTest" classname="App.tests.Unit.AddPlayerTest" file="/var/www/html/my_project_directory/tests/Unit/AddPlayerTest.php" line="75" assertions="1" time="0.000277"/>
        <testcase name="checkPlayerNickName" class="App\tests\Unit\AddPlayerTest" classname="App.tests.Unit.AddPlayerTest" file="/var/www/html/my_project_directory/tests/Unit/AddPlayerTest.php" line="86" assertions="1" time="0.000596"/>
      </testsuite>
      <testsuite name="AddPlayerControllerTest" file="/var/www/html/my_project_directory/tests/Unit/Controller/AddPlayerControllerTest.php" tests="1" assertions="10" errors="0" warnings="0" failures="0" skipped="0" time="0.035837">
        <testsuite name="AddPlayerControllerTest::buildPlayerActionFromRequest" tests="1" assertions="10" errors="0" warnings="0" failures="0" skipped="0" time="0.035837">
          <testcase name="buildPlayerActionFromRequest with data set #0" class="AddPlayerControllerTest" classname="AddPlayerControllerTest" file="/var/www/html/my_project_directory/tests/Unit/Controller/AddPlayerControllerTest.php" line="23" assertions="10" time="0.035837"/>
        </testsuite>
      </testsuite>
      <testsuite name="DeletePlayerControllerTest" file="/var/www/html/my_project_directory/tests/Unit/Controller/DeletePlayerControllerTest.php" tests="1" assertions="3" errors="0" warnings="0" failures="0" skipped="0" time="0.046770">
        <testcase name="verifyDeletePlayer" class="DeletePlayerControllerTest" classname="DeletePlayerControllerTest" file="/var/www/html/my_project_directory/tests/Unit/Controller/DeletePlayerControllerTest.php" line="19" assertions="3" time="0.046770"/>
      </testsuite>
      <testsuite name="EditPlayerControllerTest" file="/var/www/html/my_project_directory/tests/Unit/Controller/EditPlayerControllerTest.php" tests="2" assertions="19" errors="0" warnings="2" failures="0" skipped="0" time="0.013215">
        <testcase name="editPlayerPageActionsReturnsTemplate" class="EditPlayerControllerTest" classname="EditPlayerControllerTest" file="/var/www/html/my_project_directory/tests/Unit/Controller/EditPlayerControllerTest.php" line="22" assertions="9" time="0.010718">
          <warning type="PHPUnit\Framework\Warning">EditPlayerControllerTest::editPlayerPageActionsReturnsTemplate
PHPUnit\Framework\TestCase::prophesize() is deprecated and will be removed in PHPUnit 10. Please use the trait provided by phpspec/prophecy-phpunit.</warning>
        </testcase>
        <testcase name="editPlayerActionFromRequest" class="EditPlayerControllerTest" classname="EditPlayerControllerTest" file="/var/www/html/my_project_directory/tests/Unit/Controller/EditPlayerControllerTest.php" line="62" assertions="10" time="0.002497">
          <warning type="PHPUnit\Framework\Warning">EditPlayerControllerTest::editPlayerActionFromRequest
PHPUnit\Framework\TestCase::prophesize() is deprecated and will be removed in PHPUnit 10. Please use the trait provided by phpspec/prophecy-phpunit.</warning>
        </testcase>
      </testsuite>
      <testsuite name="GameControllerTest" file="/var/www/html/my_project_directory/tests/Unit/Controller/GameControllerTest.php" tests="1" assertions="7" errors="0" warnings="0" failures="0" skipped="0" time="0.016103">
        <testcase name="checkAddGame" class="GameControllerTest" classname="GameControllerTest" file="/var/www/html/my_project_directory/tests/Unit/Controller/GameControllerTest.php" line="21" assertions="7" time="0.016103"/>
      </testsuite>
      <testsuite name="App\tests\Unit\HomepageDartyControllerTest" file="/var/www/html/my_project_directory/tests/Unit/Controller/HomepageDartyControllerTest.php" tests="1" assertions="5" errors="0" warnings="0" failures="0" skipped="0" time="0.003509">
        <testcase name="homepageActionsReturnsTemplate" class="App\tests\Unit\HomepageDartyControllerTest" classname="App.tests.Unit.HomepageDartyControllerTest" file="/var/www/html/my_project_directory/tests/Unit/Controller/HomepageDartyControllerTest.php" line="22" assertions="5" time="0.003509"/>
      </testsuite>
      <testsuite name="App\tests\Unit\DoubleOutSuggestionControllerTest" file="/var/www/html/my_project_directory/tests/Unit/DoubleOutSuggestionControllerTest.php" tests="2" assertions="8" errors="0" warnings="0" failures="0" skipped="0" time="0.006103">
        <testcase name="doubleOutActionReturnsTemplate" class="App\tests\Unit\DoubleOutSuggestionControllerTest" classname="App.tests.Unit.DoubleOutSuggestionControllerTest" file="/var/www/html/my_project_directory/tests/Unit/DoubleOutSuggestionControllerTest.php" line="20" assertions="4" time="0.003005"/>
        <testcase name="doubleOutPostReturnsTemplate" class="App\tests\Unit\DoubleOutSuggestionControllerTest" classname="App.tests.Unit.DoubleOutSuggestionControllerTest" file="/var/www/html/my_project_directory/tests/Unit/DoubleOutSuggestionControllerTest.php" line="37" assertions="4" time="0.003098"/>
      </testsuite>
      <testsuite name="App\Tests\PlayerTest" file="/var/www/html/my_project_directory/tests/Unit/Entity/PlayerTest.php" tests="3" assertions="3" errors="0" warnings="0" failures="0" skipped="0" time="0.001191">
        <testcase name="checkFirstName" class="App\Tests\PlayerTest" classname="App.Tests.PlayerTest" file="/var/www/html/my_project_directory/tests/Unit/Entity/PlayerTest.php" line="13" assertions="1" time="0.000269"/>
        <testcase name="checkLastName" class="App\Tests\PlayerTest" classname="App.Tests.PlayerTest" file="/var/www/html/my_project_directory/tests/Unit/Entity/PlayerTest.php" line="26" assertions="1" time="0.000541"/>
        <testcase name="checkNickName" class="App\Tests\PlayerTest" classname="App.Tests.PlayerTest" file="/var/www/html/my_project_directory/tests/Unit/Entity/PlayerTest.php" line="39" assertions="1" time="0.000380"/>
      </testsuite>
      <testsuite name="App\tests\Unit\PlayerManagementScreenControllerTest" file="/var/www/html/my_project_directory/tests/Unit/PlayerManagementScreenControllerTest.php" tests="1" assertions="5" errors="0" warnings="0" failures="0" skipped="0" time="0.003655">
        <testcase name="playerManagementActionsReturnsTemplate" class="App\tests\Unit\PlayerManagementScreenControllerTest" classname="App.tests.Unit.PlayerManagementScreenControllerTest" file="/var/www/html/my_project_directory/tests/Unit/PlayerManagementScreenControllerTest.php" line="21" assertions="5" time="0.003655"/>
      </testsuite>
      <testsuite name="DeletePlayerServiceTest" file="/var/www/html/my_project_directory/tests/Unit/Service/DeletePlayerServiceTest.php" tests="2" assertions="2" errors="0" warnings="0" failures="0" skipped="0" time="0.040139">
        <testcase name="checkDeletePlayer" class="DeletePlayerServiceTest" classname="DeletePlayerServiceTest" file="/var/www/html/my_project_directory/tests/Unit/Service/DeletePlayerServiceTest.php" line="17" assertions="1" time="0.031038"/>
        <testcase name="checkDeleteInvalidPlayer" class="DeletePlayerServiceTest" classname="DeletePlayerServiceTest" file="/var/www/html/my_project_directory/tests/Unit/Service/DeletePlayerServiceTest.php" line="32" assertions="1" time="0.009101"/>
      </testsuite>
      <testsuite name="App\tests\Unit\DoubleOutCalculationTest" file="/var/www/html/my_project_directory/tests/Unit/Services/DoubleOutCalculationTest.php" tests="5" assertions="15" errors="0" warnings="0" failures="0" skipped="0" time="0.002531">
        <testsuite name="App\tests\Unit\DoubleOutCalculationTest::checkSuggestions" tests="5" assertions="15" errors="0" warnings="0" failures="0" skipped="0" time="0.002531">
          <testcase name="checkSuggestions with data set &quot;score 160&quot;" class="App\tests\Unit\DoubleOutCalculationTest" classname="App.tests.Unit.DoubleOutCalculationTest" file="/var/www/html/my_project_directory/tests/Unit/Services/DoubleOutCalculationTest.php" line="16" assertions="3" time="0.000476"/>
          <testcase name="checkSuggestions with data set &quot;score 2&quot;" class="App\tests\Unit\DoubleOutCalculationTest" classname="App.tests.Unit.DoubleOutCalculationTest" file="/var/www/html/my_project_directory/tests/Unit/Services/DoubleOutCalculationTest.php" line="16" assertions="3" time="0.000644"/>
          <testcase name="checkSuggestions with data set &quot;score 1&quot;" class="App\tests\Unit\DoubleOutCalculationTest" classname="App.tests.Unit.DoubleOutCalculationTest" file="/var/www/html/my_project_directory/tests/Unit/Services/DoubleOutCalculationTest.php" line="16" assertions="3" time="0.000396"/>
          <testcase name="checkSuggestions with data set &quot;score 121&quot;" class="App\tests\Unit\DoubleOutCalculationTest" classname="App.tests.Unit.DoubleOutCalculationTest" file="/var/www/html/my_project_directory/tests/Unit/Services/DoubleOutCalculationTest.php" line="16" assertions="3" time="0.000578"/>
          <testcase name="checkSuggestions with data set &quot;score 104&quot;" class="App\tests\Unit\DoubleOutCalculationTest" classname="App.tests.Unit.DoubleOutCalculationTest" file="/var/www/html/my_project_directory/tests/Unit/Services/DoubleOutCalculationTest.php" line="16" assertions="3" time="0.000437"/>
        </testsuite>
      </testsuite>
    </testsuite>
  </testsuite>
</testsuites>
