<?xml version="1.0" encoding="UTF-8"?>
<testsuites>
  <testsuite name="/var/www/html/my_project_directory/tests/Unit/Service" tests="1" assertions="0" errors="1" warnings="0" failures="0" skipped="0" time="0.412646">
    <testsuite name="GameServiceTest" file="/var/www/html/my_project_directory/tests/Unit/Service/GameServiceTest.php" tests="1" assertions="0" errors="1" warnings="0" failures="0" skipped="0" time="0.412646">
      <testcase name="checkCreateGame" class="GameServiceTest" classname="GameServiceTest" file="/var/www/html/my_project_directory/tests/Unit/Service/GameServiceTest.php" line="13" assertions="0" time="0.412646">
        <error type="Error">GameServiceTest::checkCreateGame
Error: Class "GameService" not found

/var/www/html/my_project_directory/tests/Unit/Service/GameServiceTest.php:16</error>
      </testcase>
    </testsuite>
  </testsuite>
</testsuites>
