<?xml version="1.0" encoding="UTF-8"?>
<testsuites>
  <testsuite name="" tests="33" assertions="105" errors="1" warnings="1" failures="0" skipped="0" time="0.434738">
    <testsuite name="Project Test Suite" tests="33" assertions="105" errors="1" warnings="1" failures="0" skipped="0" time="0.434738">
      <testsuite name="App\tests\Unit\AddPlayerTest" file="/var/www/html/my_project_directory/tests/Unit/AddPlayerTest.php" tests="5" assertions="12" errors="0" warnings="0" failures="0" skipped="0" time="0.201536">
        <testcase name="homepageActionsReturnsTemplate" class="App\tests\Unit\AddPlayerTest" classname="App.tests.Unit.AddPlayerTest" file="/var/www/html/my_project_directory/tests/Unit/AddPlayerTest.php" line="23" assertions="8" time="0.198582"/>
        <testcase name="buildPlayerReturnTemplate" class="App\tests\Unit\AddPlayerTest" classname="App.tests.Unit.AddPlayerTest" file="/var/www/html/my_project_directory/tests/Unit/AddPlayerTest.php" line="51" assertions="1" time="0.000356"/>
        <testcase name="checkPlayerFirstName" class="App\tests\Unit\AddPlayerTest" classname="App.tests.Unit.AddPlayerTest" file="/var/www/html/my_project_directory/tests/Unit/AddPlayerTest.php" line="64" assertions="1" time="0.002149"/>
        <testcase name="checkPlayerLastName" class="App\tests\Unit\AddPlayerTest" classname="App.tests.Unit.AddPlayerTest" file="/var/www/html/my_project_directory/tests/Unit/AddPlayerTest.php" line="75" assertions="1" time="0.000232"/>
        <testcase name="checkPlayerNickName" class="App\tests\Unit\AddPlayerTest" classname="App.tests.Unit.AddPlayerTest" file="/var/www/html/my_project_directory/tests/Unit/AddPlayerTest.php" line="86" assertions="1" time="0.000217"/>
      </testsuite>
      <testsuite name="AddPlayerControllerTest" file="/var/www/html/my_project_directory/tests/Unit/Controller/AddPlayerControllerTest.php" tests="1" assertions="7" errors="0" warnings="0" failures="0" skipped="0" time="0.045819">
        <testsuite name="AddPlayerControllerTest::buildPlayerActionFromRequest" tests="1" assertions="7" errors="0" warnings="0" failures="0" skipped="0" time="0.045819">
          <testcase name="buildPlayerActionFromRequest with data set #0" class="AddPlayerControllerTest" classname="AddPlayerControllerTest" file="/var/www/html/my_project_directory/tests/Unit/Controller/AddPlayerControllerTest.php" line="22" assertions="7" time="0.045819"/>
        </testsuite>
      </testsuite>
      <testsuite name="DeletePlayerControllerTest" file="/var/www/html/my_project_directory/tests/Unit/Controller/DeletePlayerControllerTest.php" tests="1" assertions="3" errors="0" warnings="0" failures="0" skipped="0" time="0.035366">
        <testcase name="verifyDeletePlayer" class="DeletePlayerControllerTest" classname="DeletePlayerControllerTest" file="/var/www/html/my_project_directory/tests/Unit/Controller/DeletePlayerControllerTest.php" line="19" assertions="3" time="0.035366"/>
      </testsuite>
      <testsuite name="EditPlayerControllerTest" file="/var/www/html/my_project_directory/tests/Unit/Controller/EditPlayerControllerTest.php" tests="2" assertions="16" errors="0" warnings="0" failures="0" skipped="0" time="0.005806">
        <testcase name="editPlayerPageActionsReturnsTemplate" class="EditPlayerControllerTest" classname="EditPlayerControllerTest" file="/var/www/html/my_project_directory/tests/Unit/Controller/EditPlayerControllerTest.php" line="23" assertions="9" time="0.004502"/>
        <testcase name="editPlayerActionFromRequest" class="EditPlayerControllerTest" classname="EditPlayerControllerTest" file="/var/www/html/my_project_directory/tests/Unit/Controller/EditPlayerControllerTest.php" line="62" assertions="7" time="0.001304"/>
      </testsuite>
      <testsuite name="GameControllerTest" file="/var/www/html/my_project_directory/tests/Unit/Controller/GameControllerTest.php" tests="2" assertions="11" errors="0" warnings="0" failures="0" skipped="0" time="0.022237">
        <testcase name="checkAddGame" class="GameControllerTest" classname="GameControllerTest" file="/var/www/html/my_project_directory/tests/Unit/Controller/GameControllerTest.php" line="22" assertions="2" time="0.016598"/>
        <testcase name="checkRenderTemplateGame" class="GameControllerTest" classname="GameControllerTest" file="/var/www/html/my_project_directory/tests/Unit/Controller/GameControllerTest.php" line="45" assertions="9" time="0.005639"/>
      </testsuite>
      <testsuite name="GameThrowControllerTest" file="/var/www/html/my_project_directory/tests/Unit/Controller/GameThrowControllerTest.php" tests="1" assertions="0" errors="1" warnings="0" failures="0" skipped="0" time="0.011083">
        <testcase name="checkAddThrow" class="GameThrowControllerTest" classname="GameThrowControllerTest" file="/var/www/html/my_project_directory/tests/Unit/Controller/GameThrowControllerTest.php" line="20" assertions="0" time="0.011083">
          <error type="ArgumentCountError">GameThrowControllerTest::checkAddThrow
ArgumentCountError: Too few arguments to function App\Controller\GameThrowController::__construct(), 1 passed in /var/www/html/my_project_directory/tests/Unit/Controller/GameThrowControllerTest.php on line 29 and exactly 2 expected

/var/www/html/my_project_directory/src/Controller/GameThrowController.php:17
/var/www/html/my_project_directory/tests/Unit/Controller/GameThrowControllerTest.php:29</error>
        </testcase>
      </testsuite>
      <testsuite name="App\tests\Unit\HomepageDartyControllerTest" file="/var/www/html/my_project_directory/tests/Unit/Controller/HomepageDartyControllerTest.php" tests="1" assertions="4" errors="0" warnings="0" failures="0" skipped="0" time="0.002787">
        <testcase name="homepageActionsReturnsTemplate" class="App\tests\Unit\HomepageDartyControllerTest" classname="App.tests.Unit.HomepageDartyControllerTest" file="/var/www/html/my_project_directory/tests/Unit/Controller/HomepageDartyControllerTest.php" line="20" assertions="4" time="0.002787"/>
      </testsuite>
      <testsuite name="PlayerThrowDataTest" file="/var/www/html/my_project_directory/tests/Unit/DataObjects/PlayerThrowDataTest.php" tests="1" assertions="7" errors="0" warnings="0" failures="0" skipped="0" time="0.000263">
        <testcase name="checkDataObjectProperties" class="PlayerThrowDataTest" classname="PlayerThrowDataTest" file="/var/www/html/my_project_directory/tests/Unit/DataObjects/PlayerThrowDataTest.php" line="13" assertions="7" time="0.000263"/>
      </testsuite>
      <testsuite name="App\tests\Unit\DoubleOutSuggestionControllerTest" file="/var/www/html/my_project_directory/tests/Unit/DoubleOutSuggestionControllerTest.php" tests="2" assertions="8" errors="0" warnings="0" failures="0" skipped="0" time="0.009300">
        <testcase name="doubleOutActionReturnsTemplate" class="App\tests\Unit\DoubleOutSuggestionControllerTest" classname="App.tests.Unit.DoubleOutSuggestionControllerTest" file="/var/www/html/my_project_directory/tests/Unit/DoubleOutSuggestionControllerTest.php" line="20" assertions="4" time="0.003738"/>
        <testcase name="doubleOutPostReturnsTemplate" class="App\tests\Unit\DoubleOutSuggestionControllerTest" classname="App.tests.Unit.DoubleOutSuggestionControllerTest" file="/var/www/html/my_project_directory/tests/Unit/DoubleOutSuggestionControllerTest.php" line="37" assertions="4" time="0.005562"/>
      </testsuite>
      <testsuite name="App\tests\Factory\GameFactoryTest" file="/var/www/html/my_project_directory/tests/Unit/Factory/GameFactoryTest.php" tests="2" assertions="5" errors="0" warnings="0" failures="0" skipped="0" time="0.008243">
        <testcase name="createGameFactory" class="App\tests\Factory\GameFactoryTest" classname="App.tests.Factory.GameFactoryTest" file="/var/www/html/my_project_directory/tests/Unit/Factory/GameFactoryTest.php" line="21" assertions="3" time="0.003733"/>
        <testcase name="generateExceptionGameFactory" class="App\tests\Factory\GameFactoryTest" classname="App.tests.Factory.GameFactoryTest" file="/var/www/html/my_project_directory/tests/Unit/Factory/GameFactoryTest.php" line="42" assertions="2" time="0.004510"/>
      </testsuite>
      <testsuite name="App\tests\Factory\GameThrowFactoryTest" file="/var/www/html/my_project_directory/tests/Unit/Factory/GameThrowFactoryTest.php" tests="3" assertions="3" errors="0" warnings="0" failures="0" skipped="0" time="0.002476">
        <testcase name="createReturnNewGameThrowSingleOne" class="App\tests\Factory\GameThrowFactoryTest" classname="App.tests.Factory.GameThrowFactoryTest" file="/var/www/html/my_project_directory/tests/Unit/Factory/GameThrowFactoryTest.php" line="25" assertions="1" time="0.001930"/>
        <testcase name="createReturnNewGameThrowDoubleOne" class="App\tests\Factory\GameThrowFactoryTest" classname="App.tests.Factory.GameThrowFactoryTest" file="/var/www/html/my_project_directory/tests/Unit/Factory/GameThrowFactoryTest.php" line="35" assertions="1" time="0.000288"/>
        <testcase name="createReturnNewGameThrowTripleOne" class="App\tests\Factory\GameThrowFactoryTest" classname="App.tests.Factory.GameThrowFactoryTest" file="/var/www/html/my_project_directory/tests/Unit/Factory/GameThrowFactoryTest.php" line="45" assertions="1" time="0.000258"/>
      </testsuite>
      <testsuite name="App\tests\Factory\PlayerFactoryTest" file="/var/www/html/my_project_directory/tests/Unit/Factory/PlayerFactoryTest.php" tests="1" assertions="4" errors="0" warnings="0" failures="0" skipped="0" time="0.004599">
        <testcase name="checkPlayerFactory" class="App\tests\Factory\PlayerFactoryTest" classname="App.tests.Factory.PlayerFactoryTest" file="/var/www/html/my_project_directory/tests/Unit/Factory/PlayerFactoryTest.php" line="17" assertions="4" time="0.004599"/>
      </testsuite>
      <testsuite name="App\tests\Unit\PlayerManagementScreenControllerTest" file="/var/www/html/my_project_directory/tests/Unit/PlayerManagementScreenControllerTest.php" tests="1" assertions="4" errors="0" warnings="0" failures="0" skipped="0" time="0.004074">
        <testcase name="playerManagementActionsReturnsTemplate" class="App\tests\Unit\PlayerManagementScreenControllerTest" classname="App.tests.Unit.PlayerManagementScreenControllerTest" file="/var/www/html/my_project_directory/tests/Unit/PlayerManagementScreenControllerTest.php" line="19" assertions="4" time="0.004074"/>
      </testsuite>
      <testsuite name="DeletePlayerServiceTest" file="/var/www/html/my_project_directory/tests/Unit/Service/DeletePlayerServiceTest.php" tests="2" assertions="2" errors="0" warnings="0" failures="0" skipped="0" time="0.006705">
        <testcase name="checkDeletePlayer" class="DeletePlayerServiceTest" classname="DeletePlayerServiceTest" file="/var/www/html/my_project_directory/tests/Unit/Service/DeletePlayerServiceTest.php" line="17" assertions="1" time="0.002494"/>
        <testcase name="checkDeleteInvalidPlayer" class="DeletePlayerServiceTest" classname="DeletePlayerServiceTest" file="/var/www/html/my_project_directory/tests/Unit/Service/DeletePlayerServiceTest.php" line="32" assertions="1" time="0.004210"/>
      </testsuite>
      <testsuite name="App\tests\Unit\DoubleOutCalculationTest" file="/var/www/html/my_project_directory/tests/Unit/Service/DoubleOutCalculationTest.php" tests="5" assertions="15" errors="0" warnings="0" failures="0" skipped="0" time="0.002290">
        <testsuite name="App\tests\Unit\DoubleOutCalculationTest::checkSuggestions" tests="5" assertions="15" errors="0" warnings="0" failures="0" skipped="0" time="0.002290">
          <testcase name="checkSuggestions with data set &quot;score 160&quot;" class="App\tests\Unit\DoubleOutCalculationTest" classname="App.tests.Unit.DoubleOutCalculationTest" file="/var/www/html/my_project_directory/tests/Unit/Service/DoubleOutCalculationTest.php" line="17" assertions="3" time="0.000597"/>
          <testcase name="checkSuggestions with data set &quot;score 2&quot;" class="App\tests\Unit\DoubleOutCalculationTest" classname="App.tests.Unit.DoubleOutCalculationTest" file="/var/www/html/my_project_directory/tests/Unit/Service/DoubleOutCalculationTest.php" line="17" assertions="3" time="0.000490"/>
          <testcase name="checkSuggestions with data set &quot;score 1&quot;" class="App\tests\Unit\DoubleOutCalculationTest" classname="App.tests.Unit.DoubleOutCalculationTest" file="/var/www/html/my_project_directory/tests/Unit/Service/DoubleOutCalculationTest.php" line="17" assertions="3" time="0.000359"/>
          <testcase name="checkSuggestions with data set &quot;score 121&quot;" class="App\tests\Unit\DoubleOutCalculationTest" classname="App.tests.Unit.DoubleOutCalculationTest" file="/var/www/html/my_project_directory/tests/Unit/Service/DoubleOutCalculationTest.php" line="17" assertions="3" time="0.000368"/>
          <testcase name="checkSuggestions with data set &quot;score 104&quot;" class="App\tests\Unit\DoubleOutCalculationTest" classname="App.tests.Unit.DoubleOutCalculationTest" file="/var/www/html/my_project_directory/tests/Unit/Service/DoubleOutCalculationTest.php" line="17" assertions="3" time="0.000476"/>
        </testsuite>
      </testsuite>
      <testsuite name="GameServiceTest" file="/var/www/html/my_project_directory/tests/Unit/Service/GameServiceTest.php" tests="1" assertions="2" errors="0" warnings="0" failures="0" skipped="0" time="0.039440">
        <testcase name="checkCreateGame" class="GameServiceTest" classname="GameServiceTest" file="/var/www/html/my_project_directory/tests/Unit/Service/GameServiceTest.php" line="19" assertions="2" time="0.039440"/>
      </testsuite>
      <testsuite name="GameThrowServiceTest" file="/var/www/html/my_project_directory/tests/Unit/Service/GameThrowServiceTest.php" tests="1" assertions="2" errors="0" warnings="0" failures="0" skipped="0" time="0.031092">
        <testcase name="checkAddGameThrow" class="GameThrowServiceTest" classname="GameThrowServiceTest" file="/var/www/html/my_project_directory/tests/Unit/Service/GameThrowServiceTest.php" line="20" assertions="2" time="0.031092"/>
      </testsuite>
      <testsuite name="App\tests\Unit\NextPlayerToThrowServiceTest" file="/var/www/html/my_project_directory/tests/Unit/Service/NextPlayerToThrowServiceTest.php" tests="1" assertions="0" errors="0" warnings="1" failures="0" skipped="0" time="0.001621">
        <testcase name="Warning" assertions="0" time="0.001621">
          <warning type="PHPUnit\Framework\Warning">Warning
No tests found in class "App\tests\Unit\NextPlayerToThrowServiceTest".</warning>
        </testcase>
      </testsuite>
    </testsuite>
  </testsuite>
</testsuites>
